<?xml version="1.0" encoding="UTF-8"?>
<!-- Generated by org.testng.reporters.JUnitXMLReporter -->
<testsuite hostname="Admin" ignored="7" name="Login test" tests="1" failures="0" timestamp="2022-09-03T15:17:39 ICT" time="21.086" errors="0">
  <testcase name="loginSuccessful" time="3.43" classname="com.selenium.project.testcases.myaccount.LoginTest"/>
  <testcase name="loginWithEmptyPassword" time="0.0" classname="com.selenium.project.testcases.myaccount.LoginTest">
    <ignored/>
  </testcase> <!-- loginWithEmptyPassword -->
  <testcase name="loginWithEmptyUsernameAndPassword" time="0.0" classname="com.selenium.project.testcases.myaccount.LoginTest">
    <ignored/>
  </testcase> <!-- loginWithEmptyUsernameAndPassword -->
  <testcase name="loginWithPasswordMasked" time="0.0" classname="com.selenium.project.testcases.myaccount.LoginTest">
    <ignored/>
  </testcase> <!-- loginWithPasswordMasked -->
  <testcase name="loginWithUsernameChangeCase" time="0.0" classname="com.selenium.project.testcases.myaccount.LoginTest">
    <ignored/>
  </testcase> <!-- loginWithUsernameChangeCase -->
  <testcase name="loginWithEmptyUsername" time="0.0" classname="com.selenium.project.testcases.myaccount.LoginTest">
    <ignored/>
  </testcase> <!-- loginWithEmptyUsername -->
  <testcase name="loginWithPasswordChangeCase" time="0.0" classname="com.selenium.project.testcases.myaccount.LoginTest">
    <ignored/>
  </testcase> <!-- loginWithPasswordChangeCase -->
  <testcase name="loginWithIncorrectUsernameAndPassword" time="0.0" classname="com.selenium.project.testcases.myaccount.LoginTest">
    <ignored/>
  </testcase> <!-- loginWithIncorrectUsernameAndPassword -->
</testsuite> <!-- Login test -->
