<?xml version="1.0" encoding="UTF-8"?>
<!-- Generated by org.testng.reporters.JUnitXMLReporter -->
<testsuite hostname="Admin" ignored="5" name="Login test" tests="9" failures="0" timestamp="2022-08-07T14:48:20 ICT" time="125.677" errors="0">
  <testcase name="loginSuccessful" time="2.688" classname="com.selenium.project.testcases.myaccount.LoginTest"/>
  <testcase name="loginWithIncorrectUsernameAndPassword" time="3.152" classname="com.selenium.project.testcases.myaccount.LoginTest"/>
  <testcase name="loginWithEmptyPassword" time="4.314" classname="com.selenium.project.testcases.myaccount.LoginTest"/>
  <testcase name="loginWithEmptyUsername" time="2.866" classname="com.selenium.project.testcases.myaccount.LoginTest"/>
  <testcase name="loginWithEmptyUsernameAndPassword" time="1.52" classname="com.selenium.project.testcases.myaccount.LoginTest"/>
  <testcase name="filterByPrice" time="7.054" classname="com.selenium.project.testcases.shop.ShopTest"/>
  <testcase name="sortByHighToLow" time="8.667" classname="com.selenium.project.testcases.shop.ShopTest"/>
  <testcase name="sortByLowToHigh" time="9.4" classname="com.selenium.project.testcases.shop.ShopTest"/>
  <testcase name="testProductCategories" time="7.734" classname="com.selenium.project.testcases.shop.ShopTest"/>
  <testcase name="sortByNewnessRatings" time="0.0" classname="com.selenium.project.testcases.shop.ShopTest">
    <ignored/>
  </testcase> <!-- sortByNewnessRatings -->
  <testcase name="loginWithPasswordMasked" time="0.0" classname="com.selenium.project.testcases.myaccount.LoginTest">
    <ignored/>
  </testcase> <!-- loginWithPasswordMasked -->
  <testcase name="loginWithUsernameChangeCase" time="0.0" classname="com.selenium.project.testcases.myaccount.LoginTest">
    <ignored/>
  </testcase> <!-- loginWithUsernameChangeCase -->
  <testcase name="sortByAverageRatings" time="0.0" classname="com.selenium.project.testcases.shop.ShopTest">
    <ignored/>
  </testcase> <!-- sortByAverageRatings -->
  <testcase name="sortByPopularity" time="0.0" classname="com.selenium.project.testcases.shop.ShopTest">
    <ignored/>
  </testcase> <!-- sortByPopularity -->
</testsuite> <!-- Login test -->
