<?xml version="1.0" encoding="UTF-8"?>
<testng-results skipped="0" failed="0" ignored="5" total="14" passed="9">
  <reporter-output>
  </reporter-output>
  <suite name="Suite 1" duration-ms="125677" started-at="2022-08-07T14:46:14 ICT" finished-at="2022-08-07T14:48:20 ICT">
    <groups>
    </groups>
    <test name="Login test" duration-ms="125677" started-at="2022-08-07T14:46:14 ICT" finished-at="2022-08-07T14:48:20 ICT">
      <class name="com.selenium.project.testcases.myaccount.LoginTest">
        <test-method status="PASS" signature="setUp()[pri:0, instance:com.selenium.project.testcases.myaccount.LoginTest@37271612]" name="setUp" is-config="true" duration-ms="6759" started-at="2022-08-07T14:46:14 ICT" finished-at="2022-08-07T14:46:21 ICT">
          <reporter-output>
          </reporter-output>
        </test-method> <!-- setUp -->
        <test-method status="PASS" signature="beforeBaseTest()[pri:0, instance:com.selenium.project.testcases.myaccount.LoginTest@37271612]" name="beforeBaseTest" is-config="true" duration-ms="5175" started-at="2022-08-07T14:46:21 ICT" finished-at="2022-08-07T14:46:26 ICT">
          <reporter-output>
          </reporter-output>
        </test-method> <!-- beforeBaseTest -->
        <test-method status="PASS" signature="loginSuccessful()[pri:0, instance:com.selenium.project.testcases.myaccount.LoginTest@37271612]" name="loginSuccessful" duration-ms="2688" started-at="2022-08-07T14:46:26 ICT" finished-at="2022-08-07T14:46:29 ICT">
          <reporter-output>
          </reporter-output>
        </test-method> <!-- loginSuccessful -->
        <test-method status="PASS" signature="tearDown()[pri:0, instance:com.selenium.project.testcases.myaccount.LoginTest@37271612]" name="tearDown" is-config="true" duration-ms="1078" started-at="2022-08-07T14:46:29 ICT" finished-at="2022-08-07T14:46:30 ICT">
          <reporter-output>
          </reporter-output>
        </test-method> <!-- tearDown -->
        <test-method status="PASS" signature="setUp()[pri:0, instance:com.selenium.project.testcases.myaccount.LoginTest@37271612]" name="setUp" is-config="true" duration-ms="4986" started-at="2022-08-07T14:46:30 ICT" finished-at="2022-08-07T14:46:35 ICT">
          <reporter-output>
          </reporter-output>
        </test-method> <!-- setUp -->
        <test-method status="PASS" signature="beforeBaseTest()[pri:0, instance:com.selenium.project.testcases.myaccount.LoginTest@37271612]" name="beforeBaseTest" is-config="true" duration-ms="5224" started-at="2022-08-07T14:46:35 ICT" finished-at="2022-08-07T14:46:40 ICT">
          <reporter-output>
          </reporter-output>
        </test-method> <!-- beforeBaseTest -->
        <test-method status="PASS" signature="loginWithIncorrectUsernameAndPassword()[pri:1, instance:com.selenium.project.testcases.myaccount.LoginTest@37271612]" name="loginWithIncorrectUsernameAndPassword" duration-ms="3152" started-at="2022-08-07T14:46:40 ICT" finished-at="2022-08-07T14:46:43 ICT">
          <reporter-output>
          </reporter-output>
        </test-method> <!-- loginWithIncorrectUsernameAndPassword -->
        <test-method status="PASS" signature="tearDown()[pri:0, instance:com.selenium.project.testcases.myaccount.LoginTest@37271612]" name="tearDown" is-config="true" duration-ms="910" started-at="2022-08-07T14:46:43 ICT" finished-at="2022-08-07T14:46:44 ICT">
          <reporter-output>
          </reporter-output>
        </test-method> <!-- tearDown -->
        <test-method status="PASS" signature="setUp()[pri:0, instance:com.selenium.project.testcases.myaccount.LoginTest@37271612]" name="setUp" is-config="true" duration-ms="4849" started-at="2022-08-07T14:46:44 ICT" finished-at="2022-08-07T14:46:49 ICT">
          <reporter-output>
          </reporter-output>
        </test-method> <!-- setUp -->
        <test-method status="PASS" signature="beforeBaseTest()[pri:0, instance:com.selenium.project.testcases.myaccount.LoginTest@37271612]" name="beforeBaseTest" is-config="true" duration-ms="4801" started-at="2022-08-07T14:46:49 ICT" finished-at="2022-08-07T14:46:54 ICT">
          <reporter-output>
          </reporter-output>
        </test-method> <!-- beforeBaseTest -->
        <test-method status="PASS" signature="loginWithEmptyPassword()[pri:2, instance:com.selenium.project.testcases.myaccount.LoginTest@37271612]" name="loginWithEmptyPassword" duration-ms="4314" started-at="2022-08-07T14:46:54 ICT" finished-at="2022-08-07T14:46:58 ICT">
          <reporter-output>
          </reporter-output>
        </test-method> <!-- loginWithEmptyPassword -->
        <test-method status="PASS" signature="tearDown()[pri:0, instance:com.selenium.project.testcases.myaccount.LoginTest@37271612]" name="tearDown" is-config="true" duration-ms="690" started-at="2022-08-07T14:46:58 ICT" finished-at="2022-08-07T14:46:59 ICT">
          <reporter-output>
          </reporter-output>
        </test-method> <!-- tearDown -->
        <test-method status="PASS" signature="setUp()[pri:0, instance:com.selenium.project.testcases.myaccount.LoginTest@37271612]" name="setUp" is-config="true" duration-ms="4135" started-at="2022-08-07T14:46:59 ICT" finished-at="2022-08-07T14:47:03 ICT">
          <reporter-output>
          </reporter-output>
        </test-method> <!-- setUp -->
        <test-method status="PASS" signature="beforeBaseTest()[pri:0, instance:com.selenium.project.testcases.myaccount.LoginTest@37271612]" name="beforeBaseTest" is-config="true" duration-ms="4994" started-at="2022-08-07T14:47:03 ICT" finished-at="2022-08-07T14:47:08 ICT">
          <reporter-output>
          </reporter-output>
        </test-method> <!-- beforeBaseTest -->
        <test-method status="PASS" signature="loginWithEmptyUsername()[pri:3, instance:com.selenium.project.testcases.myaccount.LoginTest@37271612]" name="loginWithEmptyUsername" duration-ms="2866" started-at="2022-08-07T14:47:08 ICT" finished-at="2022-08-07T14:47:11 ICT">
          <reporter-output>
          </reporter-output>
        </test-method> <!-- loginWithEmptyUsername -->
        <test-method status="PASS" signature="tearDown()[pri:0, instance:com.selenium.project.testcases.myaccount.LoginTest@37271612]" name="tearDown" is-config="true" duration-ms="781" started-at="2022-08-07T14:47:11 ICT" finished-at="2022-08-07T14:47:11 ICT">
          <reporter-output>
          </reporter-output>
        </test-method> <!-- tearDown -->
        <test-method status="PASS" signature="setUp()[pri:0, instance:com.selenium.project.testcases.myaccount.LoginTest@37271612]" name="setUp" is-config="true" duration-ms="4105" started-at="2022-08-07T14:47:11 ICT" finished-at="2022-08-07T14:47:16 ICT">
          <reporter-output>
          </reporter-output>
        </test-method> <!-- setUp -->
        <test-method status="PASS" signature="beforeBaseTest()[pri:0, instance:com.selenium.project.testcases.myaccount.LoginTest@37271612]" name="beforeBaseTest" is-config="true" duration-ms="4772" started-at="2022-08-07T14:47:16 ICT" finished-at="2022-08-07T14:47:20 ICT">
          <reporter-output>
          </reporter-output>
        </test-method> <!-- beforeBaseTest -->
        <test-method status="PASS" signature="loginWithEmptyUsernameAndPassword()[pri:4, instance:com.selenium.project.testcases.myaccount.LoginTest@37271612]" name="loginWithEmptyUsernameAndPassword" duration-ms="1520" started-at="2022-08-07T14:47:20 ICT" finished-at="2022-08-07T14:47:22 ICT">
          <reporter-output>
          </reporter-output>
        </test-method> <!-- loginWithEmptyUsernameAndPassword -->
        <test-method status="PASS" signature="tearDown()[pri:0, instance:com.selenium.project.testcases.myaccount.LoginTest@37271612]" name="tearDown" is-config="true" duration-ms="1358" started-at="2022-08-07T14:47:22 ICT" finished-at="2022-08-07T14:47:23 ICT">
          <reporter-output>
          </reporter-output>
        </test-method> <!-- tearDown -->
      </class> <!-- com.selenium.project.testcases.myaccount.LoginTest -->
      <class name="com.selenium.project.testcases.shop.ShopTest">
        <test-method status="PASS" signature="setUp()[pri:0, instance:com.selenium.project.testcases.shop.ShopTest@32910148]" name="setUp" is-config="true" duration-ms="6169" started-at="2022-08-07T14:47:23 ICT" finished-at="2022-08-07T14:47:29 ICT">
          <reporter-output>
          </reporter-output>
        </test-method> <!-- setUp -->
        <test-method status="PASS" signature="beforeShopTest()[pri:0, instance:com.selenium.project.testcases.shop.ShopTest@32910148]" name="beforeShopTest" is-config="true" duration-ms="5" started-at="2022-08-07T14:47:29 ICT" finished-at="2022-08-07T14:47:29 ICT">
          <reporter-output>
          </reporter-output>
        </test-method> <!-- beforeShopTest -->
        <test-method status="PASS" signature="filterByPrice()[pri:0, instance:com.selenium.project.testcases.shop.ShopTest@32910148]" name="filterByPrice" duration-ms="7054" started-at="2022-08-07T14:47:29 ICT" finished-at="2022-08-07T14:47:36 ICT">
          <reporter-output>
          </reporter-output>
        </test-method> <!-- filterByPrice -->
        <test-method status="PASS" signature="tearDown()[pri:0, instance:com.selenium.project.testcases.shop.ShopTest@32910148]" name="tearDown" is-config="true" duration-ms="1197" started-at="2022-08-07T14:47:36 ICT" finished-at="2022-08-07T14:47:38 ICT">
          <reporter-output>
          </reporter-output>
        </test-method> <!-- tearDown -->
        <test-method status="PASS" signature="setUp()[pri:0, instance:com.selenium.project.testcases.shop.ShopTest@32910148]" name="setUp" is-config="true" duration-ms="5514" started-at="2022-08-07T14:47:38 ICT" finished-at="2022-08-07T14:47:43 ICT">
          <reporter-output>
          </reporter-output>
        </test-method> <!-- setUp -->
        <test-method status="PASS" signature="beforeShopTest()[pri:0, instance:com.selenium.project.testcases.shop.ShopTest@32910148]" name="beforeShopTest" is-config="true" duration-ms="9" started-at="2022-08-07T14:47:43 ICT" finished-at="2022-08-07T14:47:43 ICT">
          <reporter-output>
          </reporter-output>
        </test-method> <!-- beforeShopTest -->
        <test-method status="PASS" signature="sortByHighToLow()[pri:0, instance:com.selenium.project.testcases.shop.ShopTest@32910148]" name="sortByHighToLow" duration-ms="8667" started-at="2022-08-07T14:47:43 ICT" finished-at="2022-08-07T14:47:52 ICT">
          <reporter-output>
          </reporter-output>
        </test-method> <!-- sortByHighToLow -->
        <test-method status="PASS" signature="tearDown()[pri:0, instance:com.selenium.project.testcases.shop.ShopTest@32910148]" name="tearDown" is-config="true" duration-ms="694" started-at="2022-08-07T14:47:52 ICT" finished-at="2022-08-07T14:47:53 ICT">
          <reporter-output>
          </reporter-output>
        </test-method> <!-- tearDown -->
        <test-method status="PASS" signature="setUp()[pri:0, instance:com.selenium.project.testcases.shop.ShopTest@32910148]" name="setUp" is-config="true" duration-ms="4272" started-at="2022-08-07T14:47:53 ICT" finished-at="2022-08-07T14:47:57 ICT">
          <reporter-output>
          </reporter-output>
        </test-method> <!-- setUp -->
        <test-method status="PASS" signature="beforeShopTest()[pri:0, instance:com.selenium.project.testcases.shop.ShopTest@32910148]" name="beforeShopTest" is-config="true" duration-ms="21" started-at="2022-08-07T14:47:57 ICT" finished-at="2022-08-07T14:47:57 ICT">
          <reporter-output>
          </reporter-output>
        </test-method> <!-- beforeShopTest -->
        <test-method status="PASS" signature="sortByLowToHigh()[pri:0, instance:com.selenium.project.testcases.shop.ShopTest@32910148]" name="sortByLowToHigh" duration-ms="9400" started-at="2022-08-07T14:47:57 ICT" finished-at="2022-08-07T14:48:06 ICT">
          <reporter-output>
          </reporter-output>
        </test-method> <!-- sortByLowToHigh -->
        <test-method status="PASS" signature="tearDown()[pri:0, instance:com.selenium.project.testcases.shop.ShopTest@32910148]" name="tearDown" is-config="true" duration-ms="763" started-at="2022-08-07T14:48:06 ICT" finished-at="2022-08-07T14:48:07 ICT">
          <reporter-output>
          </reporter-output>
        </test-method> <!-- tearDown -->
        <test-method status="PASS" signature="setUp()[pri:0, instance:com.selenium.project.testcases.shop.ShopTest@32910148]" name="setUp" is-config="true" duration-ms="4289" started-at="2022-08-07T14:48:07 ICT" finished-at="2022-08-07T14:48:11 ICT">
          <reporter-output>
          </reporter-output>
        </test-method> <!-- setUp -->
        <test-method status="PASS" signature="beforeShopTest()[pri:0, instance:com.selenium.project.testcases.shop.ShopTest@32910148]" name="beforeShopTest" is-config="true" duration-ms="8" started-at="2022-08-07T14:48:11 ICT" finished-at="2022-08-07T14:48:11 ICT">
          <reporter-output>
          </reporter-output>
        </test-method> <!-- beforeShopTest -->
        <test-method status="PASS" signature="testProductCategories()[pri:0, instance:com.selenium.project.testcases.shop.ShopTest@32910148]" name="testProductCategories" duration-ms="7734" started-at="2022-08-07T14:48:11 ICT" finished-at="2022-08-07T14:48:19 ICT">
          <reporter-output>
          </reporter-output>
        </test-method> <!-- testProductCategories -->
        <test-method status="PASS" signature="tearDown()[pri:0, instance:com.selenium.project.testcases.shop.ShopTest@32910148]" name="tearDown" is-config="true" duration-ms="680" started-at="2022-08-07T14:48:19 ICT" finished-at="2022-08-07T14:48:20 ICT">
          <reporter-output>
          </reporter-output>
        </test-method> <!-- tearDown -->
      </class> <!-- com.selenium.project.testcases.shop.ShopTest -->
    </test> <!-- Login test -->
  </suite> <!-- Suite 1 -->
</testng-results>
