<?xml version="1.0" encoding="UTF-8"?>
<testsuite xmlns:xsi="http://www.w3.org/2001/XMLSchema-instance" xsi:schemaLocation="https://maven.apache.org/surefire/maven-surefire-plugin/xsd/surefire-test-report.xsd" name="TestSuite" time="127.179" tests="9" errors="0" skipped="0" failures="0">
  <properties>
[...]
</properties>
  <testcase name="loginSuccessful" classname="com.selenium.project.testcases.myaccount.LoginTest" time="2.688"/>
  <testcase name="loginWithIncorrectUsernameAndPassword" classname="com.selenium.project.testcases.myaccount.LoginTest" time="3.152"/>
  <testcase name="loginWithEmptyPassword" classname="com.selenium.project.testcases.myaccount.LoginTest" time="4.312"/>
  <testcase name="loginWithEmptyUsername" classname="com.selenium.project.testcases.myaccount.LoginTest" time="2.864"/>
  <testcase name="loginWithEmptyUsernameAndPassword" classname="com.selenium.project.testcases.myaccount.LoginTest" time="1.52"/>
  <testcase name="filterByPrice" classname="com.selenium.project.testcases.shop.ShopTest" time="7.053"/>
  <testcase name="sortByHighToLow" classname="com.selenium.project.testcases.shop.ShopTest" time="8.665"/>
  <testcase name="sortByLowToHigh" classname="com.selenium.project.testcases.shop.ShopTest" time="9.399"/>
  <testcase name="testProductCategories" classname="com.selenium.project.testcases.shop.ShopTest" time="7.733"/>
</testsuite>