<?xml version="1.0" encoding="UTF-8"?>
<testng-results skipped="0" failed="0" ignored="7" total="8" passed="1">
  <reporter-output>
  </reporter-output>
  <suite name="Suite 1" duration-ms="21086" started-at="2022-09-03T15:17:18 ICT" finished-at="2022-09-03T15:17:39 ICT">
    <groups>
    </groups>
    <test name="Login test" duration-ms="21086" started-at="2022-09-03T15:17:18 ICT" finished-at="2022-09-03T15:17:39 ICT">
      <class name="com.selenium.project.testcases.myaccount.LoginTest">
        <test-method status="PASS" signature="setUp()[pri:0, instance:com.selenium.project.testcases.myaccount.LoginTest@43814d18]" name="setUp" is-config="true" duration-ms="11182" started-at="2022-09-03T15:17:19 ICT" finished-at="2022-09-03T15:17:30 ICT">
          <reporter-output>
          </reporter-output>
        </test-method> <!-- setUp -->
        <test-method status="PASS" signature="beforeBaseTest()[pri:0, instance:com.selenium.project.testcases.myaccount.LoginTest@43814d18]" name="beforeBaseTest" is-config="true" duration-ms="5004" started-at="2022-09-03T15:17:30 ICT" finished-at="2022-09-03T15:17:35 ICT">
          <reporter-output>
          </reporter-output>
        </test-method> <!-- beforeBaseTest -->
        <test-method status="PASS" signature="loginSuccessful(java.lang.String,java.lang.String)[pri:0, instance:com.selenium.project.testcases.myaccount.LoginTest@43814d18]" name="loginSuccessful" duration-ms="3430" started-at="2022-09-03T15:17:35 ICT" finished-at="2022-09-03T15:17:39 ICT">
          <params>
            <param index="0">
              <value>
                <![CDATA[nng729]]>
              </value>
            </param>
            <param index="1">
              <value>
                <![CDATA[Lta@#3499]]>
              </value>
            </param>
          </params>
          <reporter-output>
          </reporter-output>
        </test-method> <!-- loginSuccessful -->
        <test-method status="PASS" signature="tearDown()[pri:0, instance:com.selenium.project.testcases.myaccount.LoginTest@43814d18]" name="tearDown" is-config="true" duration-ms="792" started-at="2022-09-03T15:17:39 ICT" finished-at="2022-09-03T15:17:39 ICT">
          <reporter-output>
          </reporter-output>
        </test-method> <!-- tearDown -->
      </class> <!-- com.selenium.project.testcases.myaccount.LoginTest -->
    </test> <!-- Login test -->
  </suite> <!-- Suite 1 -->
</testng-results>
